<?xml version="1.0" encoding="UTF-8"?>
<Site BuildName="AmigaOS-ninja"
	BuildStamp="20230903-1030-Experimental"
	Name="LouisWu"
	Generator="ctest-3.16.3"
	CompilerName="/usr/bin/g++"
	CompilerVersion=""
	OSName="Linux"
	Hostname="LouisWu"
	OSRelease="4.4.0-19041-Microsoft"
	OSVersion="#2311-Microsoft Tue Nov 08 17:09:00 PST 2022"
	OSPlatform="x86_64"
	Is64Bits="1"
	VendorString="AuthenticAMD"
	VendorID="Advanced Micro Devices"
	FamilyID="23"
	ModelID="113"
	ProcessorCacheSize="512"
	NumberOfLogicalCPU="16"
	NumberOfPhysicalCPU="8"
	TotalVirtualMemory="59540"
	TotalPhysicalMemory="32680"
	LogicalProcessorsPerPhysical="2"
	ProcessorClockFrequency="3901"
	>
	<Testing>
		<StartDateTime>Sep 03 22:30 NZST</StartDateTime>
		<StartTestTime>1693737008</StartTestTime>
		<TestList/>
		<EndDateTime>Sep 03 22:30 NZST</EndDateTime>
		<EndTestTime>1693737008</EndTestTime>
		<ElapsedMinutes>0</ElapsedMinutes>
	</Testing>
</Site>
