<?xml version="1.0" encoding="UTF-8"?>
<Site BuildName="AmigaOS-ninja"
	BuildStamp="20231020-0633-Experimental"
	Name="LouisWu"
	Generator="ctest-3.16.3"
	CompilerName="/usr/bin/g++"
	CompilerVersion=""
	OSName="Linux"
	Hostname="LouisWu"
	OSRelease="4.4.0-19041-Microsoft"
	OSVersion="#3570-Microsoft Fri Sep 29 17:00:00 PST 2023"
	OSPlatform="x86_64"
	Is64Bits="1"
	VendorString="AuthenticAMD"
	VendorID="Advanced Micro Devices"
	FamilyID="23"
	ModelID="113"
	ProcessorCacheSize="512"
	NumberOfLogicalCPU="16"
	NumberOfPhysicalCPU="8"
	TotalVirtualMemory="59540"
	TotalPhysicalMemory="32680"
	LogicalProcessorsPerPhysical="2"
	ProcessorClockFrequency="3901"
	>
	<Testing>
		<StartDateTime>Oct 20 20:40 NZDT</StartDateTime>
		<StartTestTime>1697787648</StartTestTime>
		<TestList/>
		<EndDateTime>Oct 20 20:40 NZDT</EndDateTime>
		<EndTestTime>1697787648</EndTestTime>
		<ElapsedMinutes>0</ElapsedMinutes>
	</Testing>
</Site>
